<?xml version="1.0" encoding="UTF-8"?>
<testng-results skipped="0" failed="2" ignored="0" total="4" passed="2">
  <reporter-output>
  </reporter-output>
  <suite name="TestSuit" duration-ms="61389" started-at="2017-05-25T13:19:58Z" finished-at="2017-05-25T13:20:59Z">
    <groups>
    </groups>
    <test name="Home page Test" duration-ms="30966" started-at="2017-05-25T13:19:58Z" finished-at="2017-05-25T13:20:29Z">
      <class name="com.styletag.scripts.HomePage">
        <test-method status="PASS" signature="setDriver()[pri:0, instance:com.styletag.scripts.HomePage@146ba0ac]" name="setDriver" is-config="true" duration-ms="23830" started-at="2017-05-25T18:49:58Z" finished-at="2017-05-25T18:50:22Z">
          <reporter-output>
          </reporter-output>
        </test-method> <!-- setDriver -->
        <test-method status="PASS" signature="urlTest()[pri:0, instance:com.styletag.scripts.HomePage@146ba0ac]" name="urlTest" duration-ms="254" started-at="2017-05-25T18:50:22Z" finished-at="2017-05-25T18:50:22Z">
          <reporter-output>
          </reporter-output>
        </test-method> <!-- urlTest -->
        <test-method status="PASS" signature="sliderMenu()[pri:0, instance:com.styletag.scripts.HomePage@146ba0ac]" name="sliderMenu" duration-ms="4921" started-at="2017-05-25T18:50:22Z" finished-at="2017-05-25T18:50:27Z">
          <reporter-output>
          </reporter-output>
        </test-method> <!-- sliderMenu -->
        <test-method status="PASS" signature="closeDriver()[pri:0, instance:com.styletag.scripts.HomePage@146ba0ac]" name="closeDriver" is-config="true" duration-ms="1924" started-at="2017-05-25T18:50:27Z" finished-at="2017-05-25T18:50:29Z">
          <reporter-output>
          </reporter-output>
        </test-method> <!-- closeDriver -->
      </class> <!-- com.styletag.scripts.HomePage -->
    </test> <!-- Home page Test -->
    <test name="Login Test" duration-ms="30404" started-at="2017-05-25T13:20:29Z" finished-at="2017-05-25T13:20:59Z">
      <class name="com.styletag.scripts.Login">
        <test-method status="PASS" signature="setDriver()[pri:0, instance:com.styletag.scripts.Login@1e397ed7]" name="setDriver" is-config="true" duration-ms="21386" started-at="2017-05-25T18:50:29Z" finished-at="2017-05-25T18:50:50Z">
          <reporter-output>
          </reporter-output>
        </test-method> <!-- setDriver -->
        <test-method status="FAIL" signature="sliderMenu()[pri:0, instance:com.styletag.scripts.Login@1e397ed7]" name="sliderMenu" duration-ms="5707" started-at="2017-05-25T18:50:50Z" finished-at="2017-05-25T18:50:56Z">
          <exception class="java.lang.AssertionError">
            <full-stacktrace>
              <![CDATA[java.lang.AssertionError
	at org.junit.Assert.fail(Assert.java:86)
	at org.junit.Assert.fail(Assert.java:95)
	at com.styletag.scripts.Login.sliderMenu(Login.java:79)
	at sun.reflect.NativeMethodAccessorImpl.invoke0(Native Method)
	at sun.reflect.NativeMethodAccessorImpl.invoke(NativeMethodAccessorImpl.java:62)
	at sun.reflect.DelegatingMethodAccessorImpl.invoke(DelegatingMethodAccessorImpl.java:43)
	at java.lang.reflect.Method.invoke(Method.java:498)
	at org.testng.internal.MethodInvocationHelper.invokeMethod(MethodInvocationHelper.java:108)
	at org.testng.internal.Invoker.invokeMethod(Invoker.java:661)
	at org.testng.internal.Invoker.invokeTestMethod(Invoker.java:869)
	at org.testng.internal.Invoker.invokeTestMethods(Invoker.java:1193)
	at org.testng.internal.TestMethodWorker.invokeTestMethods(TestMethodWorker.java:126)
	at org.testng.internal.TestMethodWorker.run(TestMethodWorker.java:109)
	at java.util.concurrent.ThreadPoolExecutor.runWorker(ThreadPoolExecutor.java:1142)
	at java.util.concurrent.ThreadPoolExecutor$Worker.run(ThreadPoolExecutor.java:617)
	at java.lang.Thread.run(Thread.java:745)
]]>
            </full-stacktrace>
          </exception> <!-- java.lang.AssertionError -->
          <reporter-output>
          </reporter-output>
        </test-method> <!-- sliderMenu -->
        <test-method status="FAIL" signature="loginPageTest()[pri:1, instance:com.styletag.scripts.Login@1e397ed7]" name="loginPageTest" duration-ms="3274" started-at="2017-05-25T18:50:56Z" finished-at="2017-05-25T18:50:59Z">
          <exception class="java.lang.AssertionError">
            <full-stacktrace>
              <![CDATA[java.lang.AssertionError
	at org.junit.Assert.fail(Assert.java:86)
	at org.junit.Assert.fail(Assert.java:95)
	at com.styletag.scripts.Login.loginPageTest(Login.java:105)
	at sun.reflect.NativeMethodAccessorImpl.invoke0(Native Method)
	at sun.reflect.NativeMethodAccessorImpl.invoke(NativeMethodAccessorImpl.java:62)
	at sun.reflect.DelegatingMethodAccessorImpl.invoke(DelegatingMethodAccessorImpl.java:43)
	at java.lang.reflect.Method.invoke(Method.java:498)
	at org.testng.internal.MethodInvocationHelper.invokeMethod(MethodInvocationHelper.java:108)
	at org.testng.internal.Invoker.invokeMethod(Invoker.java:661)
	at org.testng.internal.Invoker.invokeTestMethod(Invoker.java:869)
	at org.testng.internal.Invoker.invokeTestMethods(Invoker.java:1193)
	at org.testng.internal.TestMethodWorker.invokeTestMethods(TestMethodWorker.java:126)
	at org.testng.internal.TestMethodWorker.run(TestMethodWorker.java:109)
	at java.util.concurrent.ThreadPoolExecutor.runWorker(ThreadPoolExecutor.java:1142)
	at java.util.concurrent.ThreadPoolExecutor$Worker.run(ThreadPoolExecutor.java:617)
	at java.lang.Thread.run(Thread.java:745)
]]>
            </full-stacktrace>
          </exception> <!-- java.lang.AssertionError -->
          <reporter-output>
          </reporter-output>
        </test-method> <!-- loginPageTest -->
      </class> <!-- com.styletag.scripts.Login -->
    </test> <!-- Login Test -->
  </suite> <!-- TestSuit -->
</testng-results>
